The system is: Windows - 6.1.7601 - AMD64
Compiling the C compiler identification source file "CMakeCCompilerId.c" succeeded.
Compiler: C:/Espressif/tools/xtensa-clang/12.0.1-d9341b81fc/xtensa-esp32-elf-clang/bin/clang.exe 
Build flags: 
Id flags: -c 

The output was:
0


Compilation of the C compiler identification source "CMakeCCompilerId.c" produced "CMakeCCompilerId.o"

The C compiler identification is Clang, found in "E:/pr_sm32/display_st7735/main/build/CMakeFiles/3.23.1/CompilerIdC/CMakeCCompilerId.o"

The system is: Windows - 6.1.7601 - AMD64
Compiling the C compiler identification source file "CMakeCCompilerId.c" succeeded.
Compiler: C:/Espressif/tools/xtensa-clang/12.0.1-d9341b81fc/xtensa-esp32-elf-clang/bin/clang.exe 
Build flags: 
Id flags: -c 

The output was:
0


Compilation of the C compiler identification source "CMakeCCompilerId.c" produced "CMakeCCompilerId.o"

The C compiler identification is Clang, found in "E:/pr_sm32/display_st7735/main/build/CMakeFiles/3.23.1/CompilerIdC/CMakeCCompilerId.o"

The system is: Windows - 6.1.7601 - AMD64
Compiling the C compiler identification source file "CMakeCCompilerId.c" succeeded.
Compiler: C:/Espressif/tools/xtensa-clang/12.0.1-d9341b81fc/xtensa-esp32-elf-clang/bin/clang.exe 
Build flags: 
Id flags: -c 

The output was:
0


Compilation of the C compiler identification source "CMakeCCompilerId.c" produced "CMakeCCompilerId.o"

The C compiler identification is Clang, found in "E:/pr_sm32/display_st7735/main/build/CMakeFiles/3.23.1/CompilerIdC/CMakeCCompilerId.o"

